2025-12-09 15:22:04,220 - H-DCD [INFO] - ================================================================================
2025-12-09 15:22:04,220 - H-DCD [INFO] - H-DCD - IEMOCAP
2025-12-09 15:22:04,220 - H-DCD [INFO] - Mode: train
2025-12-09 15:22:04,220 - H-DCD [INFO] - Device: cuda:0
2025-12-09 15:22:04,220 - H-DCD [INFO] - Seeds: [1111, 1112, 1113]
2025-12-09 15:22:04,220 - H-DCD [INFO] - ================================================================================
2025-12-09 15:22:04,220 - H-DCD [INFO] - 
================================================================================
2025-12-09 15:22:04,220 - H-DCD [INFO] - Running seed 1/3: 1111
2025-12-09 15:22:04,220 - H-DCD [INFO] - ================================================================================
2025-12-09 15:22:04,220 - H-DCD [INFO] - Loading data...
2025-12-09 15:23:45,118 - H-DCD [INFO] - ================================================================================
2025-12-09 15:23:45,118 - H-DCD [INFO] - H-DCD - IEMOCAP
2025-12-09 15:23:45,118 - H-DCD [INFO] - Mode: train
2025-12-09 15:23:45,118 - H-DCD [INFO] - Device: cuda:0
2025-12-09 15:23:45,118 - H-DCD [INFO] - Seeds: [1111, 1112, 1113]
2025-12-09 15:23:45,118 - H-DCD [INFO] - ================================================================================
2025-12-09 15:23:45,118 - H-DCD [INFO] - 
================================================================================
2025-12-09 15:23:45,118 - H-DCD [INFO] - Running seed 1/3: 1111
2025-12-09 15:23:45,118 - H-DCD [INFO] - ================================================================================
2025-12-09 15:23:45,118 - H-DCD [INFO] - Loading data...
2025-12-09 15:24:16,366 - H-DCD [INFO] - ================================================================================
2025-12-09 15:24:16,366 - H-DCD [INFO] - H-DCD - IEMOCAP
2025-12-09 15:24:16,366 - H-DCD [INFO] - Mode: train
2025-12-09 15:24:16,366 - H-DCD [INFO] - Device: cuda:0
2025-12-09 15:24:16,366 - H-DCD [INFO] - Seeds: [1111, 1112, 1113]
2025-12-09 15:24:16,366 - H-DCD [INFO] - ================================================================================
2025-12-09 15:24:16,366 - H-DCD [INFO] - 
================================================================================
2025-12-09 15:24:16,366 - H-DCD [INFO] - Running seed 1/3: 1111
2025-12-09 15:24:16,366 - H-DCD [INFO] - ================================================================================
2025-12-09 15:24:16,367 - H-DCD [INFO] - Loading data...
